<?xml version="1.0" encoding="UTF-8"?>
<testsuite xmlns:xsi="http://www.w3.org/2001/XMLSchema-instance" xsi:noNamespaceSchemaLocation="https://maven.apache.org/surefire/maven-surefire-plugin/xsd/surefire-test-report.xsd" version="3.0.2" name="DominiPersistenciaJUnit5Test" time="0.818" tests="6" errors="0" skipped="0" failures="0">
  <properties>
[...]
</properties>
  <testcase name="llibreLlistaContextPreservesIsbn13" classname="DominiPersistenciaJUnit5Test" time="0.692"/>
  <testcase name="sortSpecDefaultUsesTableAlias" classname="DominiPersistenciaJUnit5Test" time="0.004"/>
  <testcase name="sanitizeH2ProfileRejectsPathSeparators" classname="DominiPersistenciaJUnit5Test" time="0.006"/>
  <testcase name="searchIgnoresBlankTitleFilter" classname="DominiPersistenciaJUnit5Test" time="0.015"/>
  <testcase name="migration34DropsAutorOnFreshDb" classname="DominiPersistenciaJUnit5Test" time="0.027"/>
  <testcase name="tagCacheInvalidatedAfterBookDelete" classname="DominiPersistenciaJUnit5Test" time="0.014"/>
</testsuite>