<?xml version="1.0" encoding="UTF-8"?>
<testsuite xmlns:xsi="http://www.w3.org/2001/XMLSchema-instance" xsi:noNamespaceSchemaLocation="https://maven.apache.org/surefire/maven-surefire-plugin/xsd/surefire-test-report.xsd" version="3.0.2" name="test.BibliotecaJUnit5Test" time="0.261" tests="51" errors="0" skipped="0" failures="0">
  <properties>
[...]
</properties>
  <testcase name="addBookToShelfCount" classname="test.BibliotecaJUnit5Test" time="0.138"/>
  <testcase name="addBookIncreasesSize" classname="test.BibliotecaJUnit5Test" time="0.004"/>
  <testcase name="backupRestorePreservesBooks" classname="test.BibliotecaJUnit5Test" time="0.012"/>
  <testcase name="backupPreservesShelf" classname="test.BibliotecaJUnit5Test" time="0.006"/>
  <testcase name="blankNomRejected(String)[1]" classname="test.BibliotecaJUnit5Test" time="0.003"/>
  <testcase name="blankNomRejected(String)[2]" classname="test.BibliotecaJUnit5Test" time="0.001"/>
  <testcase name="blankNomRejected(String)[3]" classname="test.BibliotecaJUnit5Test" time="0.0"/>
  <testcase name="boundaryValoracioAccepted(double)[1]" classname="test.BibliotecaJUnit5Test" time="0.003"/>
  <testcase name="boundaryValoracioAccepted(double)[2]" classname="test.BibliotecaJUnit5Test" time="0.0"/>
  <testcase name="boundaryValoracioAccepted(double)[3]" classname="test.BibliotecaJUnit5Test" time="0.0"/>
  <testcase name="createShelfAppearsInList" classname="test.BibliotecaJUnit5Test" time="0.002"/>
  <testcase name="createTagAndAssign" classname="test.BibliotecaJUnit5Test" time="0.003"/>
  <testcase name="defaultFieldValues" classname="test.BibliotecaJUnit5Test" time="0.002"/>
  <testcase name="deleteBookRemovesIt" classname="test.BibliotecaJUnit5Test" time="0.002"/>
  <testcase name="deleteShelfCascades" classname="test.BibliotecaJUnit5Test" time="0.002"/>
  <testcase name="duplicateIsbnThrows" classname="test.BibliotecaJUnit5Test" time="0.002"/>
  <testcase name="emptyLibrarySize" classname="test.BibliotecaJUnit5Test" time="0.002"/>
  <testcase name="filterByTag" classname="test.BibliotecaJUnit5Test" time="0.001"/>
  <testcase name="invalidIsbnLengths(long)[1]" classname="test.BibliotecaJUnit5Test" time="0.002"/>
  <testcase name="invalidIsbnLengths(long)[2]" classname="test.BibliotecaJUnit5Test" time="0.001"/>
  <testcase name="invalidIsbnLengths(long)[3]" classname="test.BibliotecaJUnit5Test" time="0.0"/>
  <testcase name="loanAndReturnBook" classname="test.BibliotecaJUnit5Test" time="0.003"/>
  <testcase name="booksAscendingIsbnOrder" classname="test.BibliotecaJUnit5Test" time="0.002"/>
  <testcase name="nullIsbnRejected" classname="test.BibliotecaJUnit5Test" time="0.001"/>
  <testcase name="outOfRangeValoracio(double)[1]" classname="test.BibliotecaJUnit5Test" time="0.0"/>
  <testcase name="outOfRangeValoracio(double)[2]" classname="test.BibliotecaJUnit5Test" time="0.0"/>
  <testcase name="outOfRangeValoracio(double)[3]" classname="test.BibliotecaJUnit5Test" time="0.0"/>
  <testcase name="outOfRangeValoracio(double)[4]" classname="test.BibliotecaJUnit5Test" time="0.0"/>
  <testcase name="paginationZeroBooks" classname="test.BibliotecaJUnit5Test" time="0.001"/>
  <testcase name="paginationFewBooks" classname="test.BibliotecaJUnit5Test" time="0.002"/>
  <testcase name="removeTagFromBook" classname="test.BibliotecaJUnit5Test" time="0.002"/>
  <testcase name="validIsbn10" classname="test.BibliotecaJUnit5Test" time="0.001"/>
  <testcase name="validIsbn13" classname="test.BibliotecaJUnit5Test" time="0.001"/>
  <testcase name="filterByAutor" classname="test.BibliotecaJUnit5Test" time="0.001"/>
  <testcase name="filterByNom" classname="test.BibliotecaJUnit5Test" time="0.002"/>
  <testcase name="filterByYearRange" classname="test.BibliotecaJUnit5Test" time="0.002"/>
  <testcase name="filterNoMatch" classname="test.BibliotecaJUnit5Test" time="0.001"/>
  <testcase name="clearAllRemovesEverything" classname="test.BibliotecaJUnit5Test" time="0.002"/>
  <testcase name="existsLlibre" classname="test.BibliotecaJUnit5Test" time="0.001"/>
  <testcase name="get10LlibresReturns10" classname="test.BibliotecaJUnit5Test" time="0.001"/>
  <testcase name="distinctValuesRejectsUnknownColumn" classname="test.BibliotecaJUnit5Test" time="0.001"/>
  <testcase name="distinctEditorials" classname="test.BibliotecaJUnit5Test" time="0.002"/>
  <testcase name="getLlibreThrowsForMissing" classname="test.BibliotecaJUnit5Test" time="0.002"/>
  <testcase name="recentlyAddedFewerThanLimit" classname="test.BibliotecaJUnit5Test" time="0.001"/>
  <testcase name="matchIsbnPrefix" classname="test.BibliotecaJUnit5Test" time="0.001"/>
  <testcase name="matchStringParameterized(String, String, boolean)[1]" classname="test.BibliotecaJUnit5Test" time="0.004"/>
  <testcase name="matchStringParameterized(String, String, boolean)[2]" classname="test.BibliotecaJUnit5Test" time="0.0"/>
  <testcase name="matchStringParameterized(String, String, boolean)[3]" classname="test.BibliotecaJUnit5Test" time="0.0"/>
  <testcase name="matchStringParameterized(String, String, boolean)[4]" classname="test.BibliotecaJUnit5Test" time="0.0"/>
  <testcase name="matchStringNullField" classname="test.BibliotecaJUnit5Test" time="0.0"/>
  <testcase name="updateLlibrePersists" classname="test.BibliotecaJUnit5Test" time="0.001"/>
</testsuite>